Linux 6.5.0-41-generic (bsces109876) 	07/14/24 	_x86_64_	(12 CPU)

19:18:04      UID       PID    %usr %system  %guest   %wait    %CPU   CPU  Command
19:18:05        0        16    0.99    0.00    0.00    0.00    0.99     0  rcu_preempt
19:18:05        0       241    0.00    0.99    0.00    0.00    0.99     8  irq/164-VEN_06CB:00
19:18:05     1001      2482    0.00    1.98    0.00    0.00    1.98     4  pulseaudio
19:18:05     1001      2563    1.98    0.99    0.00    0.00    2.97     4  Xorg
19:18:05     1001      2762    3.96    0.99    0.00    0.00    4.95    10  gnome-shell
19:18:05     1001      4430    0.99    0.99    0.00    0.00    1.98     7  chrome
19:18:05     1001      4810    0.99    0.99    0.00    0.00    1.98     4  chrome
19:18:05     1001      6176    8.91    2.97    0.00    0.00   11.88     4  chrome
19:18:05        0      6217    0.00    0.99    0.00    0.00    0.99     5  kworker/u25:3+i915_flip
19:18:05     1001      6249    1.98    0.00    0.00    0.00    1.98     0  chrome
19:18:05     1001      6778    0.99    0.00    0.00    0.00    0.99     2  code
19:18:05     1001     29313    0.99    0.00    0.00    0.00    0.99     5  gnome-terminal-
19:18:05        0     30553    0.00    0.99    0.00    0.00    0.99    10  kworker/u25:2-hci0
19:18:05     1001     31324    0.99    0.99    0.00    0.00    1.98     3  pidstat

19:18:05      UID       PID    %usr %system  %guest   %wait    %CPU   CPU  Command
19:18:06        0        22    0.00    1.00    0.00    0.00    1.00     2  migration/2
19:18:06        0        46    0.00    1.00    0.00    0.00    1.00     7  migration/7
19:18:06        0        52    0.00    1.00    0.00    0.00    1.00     8  migration/8
19:18:06        0       241    0.00    4.00    0.00    1.00    4.00     8  irq/164-VEN_06CB:00
19:18:06        0       820    0.00    1.00    0.00    0.00    1.00     1  irq/183-iwlwifi:queue_1
19:18:06      101       872    1.00    0.00    0.00    0.00    1.00     1  systemd-resolve
19:18:06     1001      2482    2.00    1.00    0.00    0.00    3.00     4  pulseaudio
19:18:06     1001      2563    8.00    9.00    0.00    0.00   17.00     1  Xorg
19:18:06     1001      2762   16.00    4.00    0.00    0.00   20.00     5  gnome-shell
19:18:06     1001      2952    1.00    0.00    0.00    0.00    1.00    10  gsd-xsettings
19:18:06     1001      4430    8.00    3.00    0.00    0.00   11.00     0  chrome
19:18:06     1001      4475    3.00    2.00    0.00    0.00    5.00     0  chrome
19:18:06     1001      4533    3.00    2.00    0.00    0.00    5.00    11  chrome
19:18:06     1001      4810    1.00    0.00    0.00    0.00    1.00     4  chrome
19:18:06     1001      6176   17.00    1.00    0.00    0.00   18.00     1  chrome
19:18:06     1001      6249    2.00    1.00    0.00    0.00    3.00    11  chrome
19:18:06     1001      6669    7.00    2.00    0.00    0.00    9.00     2  code
19:18:06     1001      6707   16.00    4.00    0.00    0.00   20.00     0  code
19:18:06     1001      6758   40.00    3.00    0.00    1.00   43.00     4  code
19:18:06        0     24300    0.00    1.00    0.00    0.00    1.00     9  kworker/u24:4-i915
19:18:06     1001     25872    1.00    0.00    0.00    0.00    1.00     2  chrome
19:18:06        0     28848    0.00    1.00    0.00    0.00    1.00     6  kworker/6:2-events
19:18:06     1001     29313    1.00    0.00    0.00    0.00    1.00    11  gnome-terminal-
19:18:06     1001     31324    2.00    2.00    0.00    0.00    4.00     3  pidstat

19:18:06      UID       PID    %usr %system  %guest   %wait    %CPU   CPU  Command
19:18:07        0        70    0.00    1.00    0.00    0.00    1.00    11  migration/11
19:18:07        0       241    0.00    3.00    0.00    0.00    3.00     8  irq/164-VEN_06CB:00
19:18:07        0       821    0.00    1.00    0.00    0.00    1.00     9  irq/184-iwlwifi:queue_2
19:18:07        0       978    0.00    1.00    0.00    0.00    1.00    11  thermald
19:18:07     1001      2482    1.00    1.00    0.00    0.00    2.00     5  pulseaudio
19:18:07     1001      2563   14.00    4.00    0.00    0.00   18.00     0  Xorg
19:18:07     1001      2762   17.00    4.00    0.00    0.00   21.00     8  gnome-shell
19:18:07     1001      2922    5.00    2.00    0.00    0.00    7.00    11  ibus-daemon
19:18:07     1001      2962    1.00    0.00    0.00    0.00    1.00     6  xdg-desktop-por
19:18:07     1001      2994    3.00    1.00    0.00    0.00    4.00     2  ibus-extension-
19:18:07     1001      3002    1.00    0.00    0.00    0.00    1.00     9  ibus-portal
19:18:07     1001      3212    1.00    0.00    0.00    0.00    1.00     1  ibus-engine-sim
19:18:07     1001      4430    5.00    1.00    0.00    0.00    6.00     7  chrome
19:18:07     1001      4475    2.00    3.00    0.00    0.00    5.00     0  chrome
19:18:07     1001      4533    1.00    1.00    0.00    0.00    2.00    11  chrome
19:18:07     1001      4810    0.00    1.00    0.00    0.00    1.00     8  chrome
19:18:07        0      5539    0.00    1.00    0.00    0.00    1.00     9  kworker/u24:33-events_power_efficient
19:18:07     1001      6176   16.00    3.00    0.00    0.00   19.00     5  chrome
19:18:07     1001      6249    2.00    1.00    0.00    0.00    3.00     5  chrome
19:18:07        0      6477    0.00    1.00    0.00    0.00    1.00     4  kworker/u25:4-hci0
19:18:07     1001      6669    9.00    1.00    0.00    0.00   10.00     6  code
19:18:07     1001      6707   14.00    5.00    0.00    1.00   19.00     1  code
19:18:07     1001      6758   31.00    2.00    0.00    0.00   33.00    10  code
19:18:07     1001      6778    0.00    1.00    0.00    0.00    1.00    11  code
19:18:07     1001      6792    1.00    0.00    0.00    0.00    1.00     2  code
19:18:07     1001      6806    1.00    0.00    0.00    0.00    1.00     7  code
19:18:07        0     17410    1.00    1.00    0.00    0.00    2.00     5  pmdalinux
19:18:07        0     24300    0.00    1.00    0.00    0.00    1.00    11  kworker/u24:4-i915
19:18:07     1001     29313   15.00    1.00    0.00    0.00   16.00     6  gnome-terminal-
19:18:07        0     30553    0.00    1.00    0.00    0.00    1.00    11  kworker/u25:2-hci0
19:18:07     1001     31324    2.00    2.00    0.00    0.00    4.00     3  pidstat

19:18:07      UID       PID    %usr %system  %guest   %wait    %CPU   CPU  Command
19:18:08        0       758    0.00    1.00    0.00    0.00    1.00     5  jbd2/nvme0n1p5-8
19:18:08        0       933    0.00    1.00    0.00    0.00    1.00     1  acpid
19:18:08     1001      2482    1.00    2.00    0.00    0.00    3.00     8  pulseaudio
19:18:08     1001      2563    6.00    6.00    0.00    1.00   12.00    10  Xorg
19:18:08     1001      2762   10.00    1.00    0.00    0.00   11.00     9  gnome-shell
19:18:08     1001      2898    0.00    1.00    0.00    0.00    1.00     3  at-spi2-registr
19:18:08     1001      4430    1.00    0.00    0.00    0.00    1.00     8  chrome
19:18:08     1001      4475    0.00    1.00    0.00    0.00    1.00     0  chrome
19:18:08     1001      4810    1.00    0.00    0.00    0.00    1.00     2  chrome
19:18:08        0      5559    0.00    1.00    0.00    0.00    1.00     2  kworker/2:3-events
19:18:08     1001      5969    1.00    0.00    0.00    0.00    1.00     0  gjs
19:18:08     1001      6176   13.00    0.00    0.00    0.00   13.00     0  chrome
19:18:08        0      6217    0.00    1.00    0.00    0.00    1.00    10  kworker/u25:3-hci0
19:18:08     1001      6249    0.00    3.00    0.00    0.00    3.00     7  chrome
19:18:08     1001      6669    1.00    1.00    0.00    0.00    2.00     1  code
19:18:08     1001      6707   14.00    3.00    0.00    0.00   17.00     5  code
19:18:08     1001      6758   15.00    1.00    0.00    0.00   16.00    11  code
19:18:08     1001      6806    1.00    1.00    0.00    0.00    2.00     9  code
19:18:08        0     24300    0.00    1.00    0.00    0.00    1.00    10  kworker/u24:4-events_unbound
19:18:08     1001     25872    1.00    0.00    0.00    0.00    1.00     0  chrome
19:18:08     1001     29313    3.00    1.00    0.00    0.00    4.00     8  gnome-terminal-
19:18:08     1001     31324    0.00    2.00    0.00    0.00    2.00     3  pidstat

19:18:08      UID       PID    %usr %system  %guest   %wait    %CPU   CPU  Command
19:18:09        0        16    1.00    0.00    0.00    0.00    1.00     9  rcu_preempt
19:18:09        0       164    0.00    1.00    0.00    0.00    1.00     2  kworker/2:1H-events_highpri
19:18:09        0      2195    1.00    0.00    0.00    0.00    1.00     9  dockerd
19:18:09     1001      2482    1.00    1.00    0.00    0.00    2.00     7  pulseaudio
19:18:09     1001      2563    2.00    1.00    0.00    0.00    3.00     1  Xorg
19:18:09     1001      2762    4.00    3.00    0.00    0.00    7.00     1  gnome-shell
19:18:09     1001      2922    2.00    0.00    0.00    0.00    2.00     2  ibus-daemon
19:18:09     1001      3212    1.00    0.00    0.00    0.00    1.00     1  ibus-engine-sim
19:18:09     1001      4430    3.00    1.00    0.00    0.00    4.00     8  chrome
19:18:09     1001      4473    1.00    0.00    0.00    0.00    1.00     6  chrome
19:18:09     1001      4525    1.00    0.00    0.00    0.00    1.00     1  chrome
19:18:09     1001      4533    2.00    1.00    0.00    0.00    3.00    11  chrome
19:18:09     1001      4810    1.00    0.00    0.00    0.00    1.00     0  chrome
19:18:09        0      5539    0.00    1.00    0.00    0.00    1.00     3  kworker/u24:33-ext4-rsv-conversion
19:18:09     1001      6176   13.00    1.00    0.00    0.00   14.00     9  chrome
19:18:09     1001      6249    2.00    1.00    0.00    0.00    3.00     4  chrome
19:18:09        0      6477    0.00    1.00    0.00    0.00    1.00     4  kworker/u25:4-hci0
19:18:09     1001      6669    5.00    2.00    0.00    0.00    7.00     2  code
19:18:09     1001      6707    6.00    1.00    0.00    0.00    7.00    10  code
19:18:09     1001      6758   35.00    3.00    0.00    0.00   38.00     6  code
19:18:09     1001      6778    1.00    0.00    0.00    0.00    1.00     0  code
19:18:09     1001      6806   12.00    2.00    0.00    0.00   14.00     0  code
19:18:09     1001      7278    2.00    0.00    0.00    0.00    2.00     4  code
19:18:09     1001     26267    1.00    0.00    0.00    0.00    1.00     0  chrome
19:18:09     1001     31324    0.00    2.00    0.00    0.00    2.00     3  pidstat

19:18:09      UID       PID    %usr %system  %guest   %wait    %CPU   CPU  Command
19:18:10        0        40    0.00    1.00    0.00    0.00    1.00     6  migration/6
19:18:10        0       818    0.00    1.00    0.00    0.00    1.00    11  irq/182-iwlwifi:default_queue
19:18:10        0       820    0.00    1.00    0.00    0.00    1.00     1  irq/183-iwlwifi:queue_1
19:18:10        0       942    0.00    1.00    0.00    0.00    1.00    11  fctsched
19:18:10     1001      2482    1.00    2.00    0.00    0.00    3.00     5  pulseaudio
19:18:10     1001      2563    2.00    1.00    0.00    0.00    3.00     2  Xorg
19:18:10     1001      2762    3.00    0.00    0.00    0.00    3.00     1  gnome-shell
19:18:10     1001      2922    1.00    0.00    0.00    0.00    1.00     5  ibus-daemon
19:18:10     1001      2965    1.00    1.00    0.00    0.00    2.00     5  slack
19:18:10     1001      4430    9.00    1.00    0.00    0.00   10.00     6  chrome
19:18:10     1001      4475    2.00    2.00    0.00    0.00    4.00     0  chrome
19:18:10     1001      4533    4.00    1.00    0.00    0.00    5.00    11  chrome
19:18:10     1001      4810    1.00    0.00    0.00    0.00    1.00     2  chrome
19:18:10     1001      5969    1.00    0.00    0.00    0.00    1.00     8  gjs
19:18:10     1001      6176   13.00    2.00    0.00    0.00   15.00     6  chrome
19:18:10     1001      6249    3.00    0.00    0.00    0.00    3.00     7  chrome
19:18:10     1001      6669    3.00    1.00    0.00    0.00    4.00     0  code
19:18:10     1001      6707    5.00    0.00    0.00    0.00    5.00     4  code
19:18:10     1001      6758   18.00    2.00    0.00    0.00   20.00     8  code
19:18:10     1001      6806    7.00    2.00    0.00    0.00    9.00     6  code
19:18:10     1001      7278    2.00    0.00    0.00    0.00    2.00     2  code
19:18:10     1001     27507    1.00    0.00    0.00    0.00    1.00     9  chrome
19:18:10        0     30553    0.00    1.00    0.00    0.00    1.00    10  kworker/u25:2-hci0
19:18:10     1001     31324    0.00    1.00    0.00    0.00    1.00     3  pidstat

19:18:10      UID       PID    %usr %system  %guest   %wait    %CPU   CPU  Command
19:18:11        0       821    0.00    1.00    0.00    0.00    1.00     9  irq/184-iwlwifi:queue_2
19:18:11      127       871    0.00    1.00    0.00    0.00    1.00    10  systemd-oomd
19:18:11     1001      2482    2.00    1.00    0.00    0.00    3.00    11  pulseaudio
19:18:11     1001      2563    1.00    3.00    0.00    0.00    4.00     2  Xorg
19:18:11     1001      2762    5.00    2.00    0.00    1.00    7.00     0  gnome-shell
19:18:11     1001      2922    2.00    1.00    0.00    0.00    3.00     2  ibus-daemon
19:18:11     1001      3212    1.00    0.00    0.00    0.00    1.00     4  ibus-engine-sim
19:18:11     1001      4430    6.00    1.00    0.00    0.00    7.00    10  chrome
19:18:11     1001      4475    2.00    1.00    0.00    0.00    3.00     0  chrome
19:18:11     1001      4486    1.00    0.00    0.00    0.00    1.00    10  chrome
19:18:11     1001      4533    2.00    0.00    0.00    0.00    2.00    11  chrome
19:18:11     1001      4810    0.00    1.00    0.00    0.00    1.00     2  chrome
19:18:11        0      5559    0.00    1.00    0.00    0.00    1.00     2  kworker/2:3-events
19:18:11     1001      6176  119.00    3.00    0.00    0.00  122.00     4  chrome
19:18:11        0      6217    0.00    1.00    0.00    0.00    1.00     0  kworker/u25:3-hci0
19:18:11     1001      6249    2.00    1.00    0.00    0.00    3.00    10  chrome
19:18:11     1001      6669    3.00    0.00    0.00    0.00    3.00     1  code
19:18:11     1001      6707    4.00    2.00    0.00    0.00    6.00     6  code
19:18:11     1001      6758   23.00    2.00    0.00    1.00   25.00    11  code
19:18:11     1001      6806   10.00    1.00    0.00    0.00   11.00    10  code
19:18:11        0      7264    0.00    1.00    0.00    0.00    1.00     0  kworker/0:0-events
19:18:11     1001      7278    1.00    1.00    0.00    0.00    2.00     2  code
19:18:11     1001     25872    1.00    0.00    0.00    0.00    1.00     5  chrome
19:18:11     1001     31324    0.00    2.00    0.00    0.00    2.00     3  pidstat

19:18:11      UID       PID    %usr %system  %guest   %wait    %CPU   CPU  Command
19:18:12      127       871    1.00    0.00    0.00    0.00    1.00     0  systemd-oomd
19:18:12        0      1196    1.00    0.00    0.00    0.00    1.00     7  containerd
19:18:12     1001      2482    0.00    2.00    0.00    0.00    2.00     4  pulseaudio
19:18:12     1001      2563    1.00    2.00    0.00    0.00    3.00     2  Xorg
19:18:12     1001      2762    6.00    2.00    0.00    0.00    8.00     6  gnome-shell
19:18:12     1001      2922    1.00    0.00    0.00    0.00    1.00    10  ibus-daemon
19:18:12     1001      3212    1.00    0.00    0.00    0.00    1.00     8  ibus-engine-sim
19:18:12     1001      4533    1.00    0.00    0.00    0.00    1.00    11  chrome
19:18:12        0      5539    0.00    1.00    0.00    0.00    1.00     0  kworker/u24:33-events_unbound
19:18:12     1001      6176    8.00    0.00    0.00    0.00    8.00     4  chrome
19:18:12     1001      6249    1.00    1.00    0.00    0.00    2.00     0  chrome
19:18:12        0      6477    0.00    1.00    0.00    0.00    1.00     0  kworker/u25:4-hci0
19:18:12     1001      6669    4.00    0.00    0.00    0.00    4.00     7  code
19:18:12     1001      6707    4.00    1.00    0.00    0.00    5.00     5  code
19:18:12     1001      6758   18.00    2.00    0.00    0.00   20.00     0  code
19:18:12     1001      6806    5.00    2.00    0.00    0.00    7.00     2  code
19:18:12     1001      7278    1.00    0.00    0.00    0.00    1.00     4  code
19:18:12     1001     31324    1.00    1.00    0.00    0.00    2.00     3  pidstat

19:18:12      UID       PID    %usr %system  %guest   %wait    %CPU   CPU  Command
19:18:13     1001      2482    1.00    1.00    0.00    0.00    2.00     1  pulseaudio
19:18:13     1001      2563    1.00    2.00    0.00    0.00    3.00     1  Xorg
19:18:13     1001      2762    4.00    0.00    0.00    0.00    4.00     3  gnome-shell
19:18:13     1001      2912    0.00    1.00    0.00    0.00    1.00     8  xdg-desktop-por
19:18:13     1001      2922    1.00    0.00    0.00    0.00    1.00    10  ibus-daemon
19:18:13     1001      3259    1.00    0.00    0.00    0.00    1.00     7  tracker-miner-f
19:18:13     1001      3566    1.00    0.00    0.00    0.00    1.00     0  slack
19:18:13     1001      4430    4.00    1.00    0.00    0.00    5.00     4  chrome
19:18:13     1001      4475    3.00    1.00    0.00    0.00    4.00     0  chrome
19:18:13     1001      4525    1.00    0.00    0.00    0.00    1.00     1  chrome
19:18:13     1001      4533    2.00    0.00    0.00    0.00    2.00    11  chrome
19:18:13     1001      4810    1.00    0.00    0.00    0.00    1.00     2  chrome
19:18:13     1001      6176   19.00    3.00    0.00    1.00   22.00     5  chrome
19:18:13        0      6217    0.00    1.00    0.00    0.00    1.00    11  kworker/u25:3-hci0
19:18:13     1001      6249    2.00    1.00    0.00    0.00    3.00    11  chrome
19:18:13     1001      6669    6.00    1.00    0.00    0.00    7.00     0  code
19:18:13     1001      6707    4.00    1.00    0.00    0.00    5.00     6  code
19:18:13     1001      6758   91.00    5.00    0.00    0.00   96.00     4  code
19:18:13     1001      6791    1.00    0.00    0.00    0.00    1.00     8  code
19:18:13     1001      6806    6.00    0.00    0.00    0.00    6.00     5  code
19:18:13     1001      7278    1.00    0.00    0.00    0.00    1.00     4  code
19:18:13        0     30553    0.00    1.00    0.00    0.00    1.00     4  kworker/u25:2-hci0
19:18:13     1001     31324    0.00    1.00    0.00    0.00    1.00     3  pidstat

19:18:13      UID       PID    %usr %system  %guest   %wait    %CPU   CPU  Command
19:18:14     1001      2482    1.00    1.00    0.00    0.00    2.00     0  pulseaudio
19:18:14     1001      2563    2.00    3.00    0.00    0.00    5.00     1  Xorg
19:18:14     1001      2762    5.00    1.00    0.00    0.00    6.00     5  gnome-shell
19:18:14     1001      2922    2.00    0.00    0.00    0.00    2.00     4  ibus-daemon
19:18:14     1001      4430    1.00    1.00    0.00    0.00    2.00     4  chrome
19:18:14     1001      4810    1.00    1.00    0.00    0.00    2.00     8  chrome
19:18:14        0      5539    0.00    1.00    0.00    0.00    1.00     6  kworker/u24:33-events_unbound
19:18:14        0      5559    0.00    1.00    0.00    0.00    1.00     2  kworker/2:3-events
19:18:14     1001      5969    1.00    0.00    0.00    0.00    1.00     8  gjs
19:18:14     1001      6176    9.00    1.00    0.00    0.00   10.00     2  chrome
19:18:14     1001      6249    2.00    1.00    0.00    0.00    3.00     9  chrome
19:18:14     1001      6669    6.00    1.00    0.00    0.00    7.00     2  code
19:18:14     1001      6707    6.00    1.00    0.00    0.00    7.00     0  code
19:18:14     1001      6758   28.00    4.00    0.00    0.00   32.00     1  code
19:18:14     1001      6792    1.00    0.00    0.00    0.00    1.00    10  code
19:18:14     1001      6806   11.00    6.00    0.00    0.00   17.00     2  code
19:18:14     1001      7278    2.00    0.00    0.00    0.00    2.00     4  code
19:18:14        0     24300    0.00    1.00    0.00    0.00    1.00    11  kworker/u24:4-events_unbound
19:18:14     1001     31324    0.00    2.00    0.00    0.00    2.00     3  pidstat

Average:      UID       PID    %usr %system  %guest   %wait    %CPU   CPU  Command
Average:        0        16    0.20    0.00    0.00    0.00    0.20     -  rcu_preempt
Average:        0        22    0.00    0.10    0.00    0.00    0.10     -  migration/2
Average:        0        40    0.00    0.10    0.00    0.00    0.10     -  migration/6
Average:        0        46    0.00    0.10    0.00    0.00    0.10     -  migration/7
Average:        0        52    0.00    0.10    0.00    0.00    0.10     -  migration/8
Average:        0        70    0.00    0.10    0.00    0.00    0.10     -  migration/11
Average:        0       164    0.00    0.10    0.00    0.00    0.10     -  kworker/2:1H-events_highpri
Average:        0       241    0.00    0.80    0.00    0.10    0.80     -  irq/164-VEN_06CB:00
Average:        0       758    0.00    0.10    0.00    0.00    0.10     -  jbd2/nvme0n1p5-8
Average:        0       818    0.00    0.10    0.00    0.00    0.10     -  irq/182-iwlwifi:default_queue
Average:        0       820    0.00    0.20    0.00    0.00    0.20     -  irq/183-iwlwifi:queue_1
Average:        0       821    0.00    0.20    0.00    0.00    0.20     -  irq/184-iwlwifi:queue_2
Average:      127       871    0.10    0.10    0.00    0.00    0.20     -  systemd-oomd
Average:      101       872    0.10    0.00    0.00    0.00    0.10     -  systemd-resolve
Average:        0       933    0.00    0.10    0.00    0.00    0.10     -  acpid
Average:        0       942    0.00    0.10    0.00    0.00    0.10     -  fctsched
Average:        0       978    0.00    0.10    0.00    0.00    0.10     -  thermald
Average:        0      1196    0.10    0.00    0.00    0.00    0.10     -  containerd
Average:        0      2195    0.10    0.00    0.00    0.00    0.10     -  dockerd
Average:     1001      2482    1.00    1.40    0.00    0.00    2.40     -  pulseaudio
Average:     1001      2563    3.90    3.20    0.00    0.10    7.09     -  Xorg
Average:     1001      2762    7.39    1.80    0.00    0.10    9.19     -  gnome-shell
Average:     1001      2898    0.00    0.10    0.00    0.00    0.10     -  at-spi2-registr
Average:     1001      2912    0.00    0.10    0.00    0.00    0.10     -  xdg-desktop-por
Average:     1001      2922    1.40    0.30    0.00    0.00    1.70     -  ibus-daemon
Average:     1001      2952    0.10    0.00    0.00    0.00    0.10     -  gsd-xsettings
Average:     1001      2962    0.10    0.00    0.00    0.00    0.10     -  xdg-desktop-por
Average:     1001      2965    0.10    0.10    0.00    0.00    0.20     -  slack
Average:     1001      2994    0.30    0.10    0.00    0.00    0.40     -  ibus-extension-
Average:     1001      3002    0.10    0.00    0.00    0.00    0.10     -  ibus-portal
Average:     1001      3212    0.40    0.00    0.00    0.00    0.40     -  ibus-engine-sim
Average:     1001      3259    0.10    0.00    0.00    0.00    0.10     -  tracker-miner-f
Average:     1001      3566    0.10    0.00    0.00    0.00    0.10     -  slack
Average:     1001      4430    3.80    1.00    0.00    0.00    4.80     -  chrome
Average:     1001      4473    0.10    0.00    0.00    0.00    0.10     -  chrome
Average:     1001      4475    1.20    1.00    0.00    0.00    2.20     -  chrome
Average:     1001      4486    0.10    0.00    0.00    0.00    0.10     -  chrome
Average:     1001      4525    0.20    0.00    0.00    0.00    0.20     -  chrome
Average:     1001      4533    1.50    0.50    0.00    0.00    2.00     -  chrome
Average:     1001      4810    0.70    0.40    0.00    0.00    1.10     -  chrome
Average:        0      5539    0.00    0.40    0.00    0.00    0.40     -  kworker/u24:33-events_unbound
Average:        0      5559    0.00    0.30    0.00    0.00    0.30     -  kworker/2:3-events
Average:     1001      5969    0.30    0.00    0.00    0.00    0.30     -  gjs
Average:     1001      6176   23.58    1.70    0.00    0.10   25.27     -  chrome
Average:        0      6217    0.00    0.40    0.00    0.00    0.40     -  kworker/u25:3-hci0
Average:     1001      6249    1.80    1.00    0.00    0.00    2.80     -  chrome
Average:        0      6477    0.00    0.30    0.00    0.00    0.30     -  kworker/u25:4-hci0
Average:     1001      6669    4.40    0.90    0.00    0.00    5.29     -  code
Average:     1001      6707    7.29    1.80    0.00    0.10    9.09     -  code
Average:     1001      6758   29.87    2.40    0.00    0.20   32.27     -  code
Average:     1001      6778    0.20    0.10    0.00    0.00    0.30     -  code
Average:     1001      6791    0.10    0.00    0.00    0.00    0.10     -  code
Average:     1001      6792    0.20    0.00    0.00    0.00    0.20     -  code
Average:     1001      6806    5.29    1.40    0.00    0.00    6.69     -  code
Average:        0      7264    0.00    0.10    0.00    0.00    0.10     -  kworker/0:0-mm_percpu_wq
Average:     1001      7278    0.90    0.10    0.00    0.00    1.00     -  code
Average:        0     17410    0.10    0.10    0.00    0.00    0.20     -  pmdalinux
Average:        0     24300    0.00    0.40    0.00    0.00    0.40     -  kworker/u24:4-events_unbound
Average:     1001     25872    0.30    0.00    0.00    0.00    0.30     -  chrome
Average:     1001     26267    0.10    0.00    0.00    0.00    0.10     -  chrome
Average:     1001     27507    0.10    0.00    0.00    0.00    0.10     -  chrome
Average:        0     28848    0.00    0.10    0.00    0.00    0.10     -  kworker/6:2-events
Average:     1001     29313    2.00    0.20    0.00    0.00    2.20     -  gnome-terminal-
Average:        0     30553    0.00    0.40    0.00    0.00    0.40     -  kworker/u25:2-hci0
Average:     1001     31324    0.60    1.60    0.00    0.00    2.20     -  pidstat
