Linux 6.5.0-41-generic (bsces109876) 	07/14/24 	_x86_64_	(12 CPU)

1720977926    UID       PID    %usr %system  %guest   %wait    %CPU   CPU  Command
1720977927   1001      2482    0.98    0.98    0.00    0.00    1.96     6  pulseaudio
1720977927   1001      2563    4.90    2.94    0.00    0.00    7.84     4  Xorg
1720977927   1001      2762    7.84    1.96    0.00    0.00    9.80     6  gnome-shell
1720977927   1001      4430    1.96    0.00    0.00    0.00    1.96     1  chrome
1720977927   1001      4475    0.00    0.98    0.00    0.00    0.98     1  chrome
1720977927   1001      4533    0.98    0.00    0.00    0.00    0.98     4  chrome
1720977927   1001      4810    0.98    0.00    0.00    0.00    0.98     4  chrome
1720977927   1001      6176   13.73    0.98    0.00    0.00   14.71     4  chrome
1720977927   1001      6249    1.96    1.96    0.00    0.00    3.92     9  chrome
1720977927   1001      6707   11.76    1.96    0.00    0.00   13.73     9  code
1720977927   1001      6758   19.61    0.98    0.00    0.00   20.59     9  code
1720977927   1001      6778    0.98    0.98    0.00    0.00    1.96     8  code
1720977927   1001      6806    0.98    0.00    0.00    0.00    0.98     4  code
1720977927   1001     35095    0.98    1.96    0.00    0.00    2.94     5  pidstat

1720977927    UID       PID    %usr %system  %guest   %wait    %CPU   CPU  Command
1720977928      0       820    0.00    1.00    0.00    0.00    1.00     7  irq/183-iwlwifi:queue_1
1720977928   1001      2482    1.00    1.00    0.00    0.00    2.00     4  pulseaudio
1720977928   1001      2563    3.00    5.00    0.00    0.00    8.00     4  Xorg
1720977928   1001      2762   10.00    0.00    0.00    0.00   10.00     3  gnome-shell
1720977928   1001      4430    4.00    1.00    0.00    0.00    5.00     0  chrome
1720977928   1001      4475    1.00    2.00    0.00    0.00    3.00     1  chrome
1720977928   1001      4533    1.00    0.00    0.00    0.00    1.00     4  chrome
1720977928   1001      4810    1.00    1.00    0.00    0.00    2.00     2  chrome
1720977928      0      5559    0.00    1.00    0.00    0.00    1.00     2  kworker/2:3-events
1720977928   1001      6176   11.00    3.00    0.00    1.00   14.00     1  chrome
1720977928   1001      6249    3.00    1.00    0.00    0.00    4.00     1  chrome
1720977928      0      6477    0.00    1.00    0.00    0.00    1.00    11  kworker/u25:4-hci0
1720977928   1001      6669    1.00    0.00    0.00    0.00    1.00     5  code
1720977928   1001      6707   11.00    3.00    0.00    0.00   14.00     2  code
1720977928   1001      6758   17.00    1.00    0.00    0.00   18.00     2  code
1720977928   1001      6778    1.00    1.00    0.00    0.00    2.00     7  code
1720977928   1001      6791    1.00    0.00    0.00    0.00    1.00     1  code
1720977928   1001      6792    1.00    0.00    0.00    0.00    1.00     9  code
1720977928   1001      6806    0.00    1.00    0.00    0.00    1.00     4  code
1720977928      0     17410    1.00    1.00    0.00    0.00    2.00     3  pmdalinux
1720977928      0     24511    0.00    1.00    0.00    0.00    1.00    11  kworker/11:2-events
1720977928      0     30553    0.00    1.00    0.00    0.00    1.00     2  kworker/u25:2+i915_flip
1720977928   1001     35095    0.00    3.00    0.00    0.00    3.00     3  pidstat

1720977928    UID       PID    %usr %system  %guest   %wait    %CPU   CPU  Command
1720977929    127       871    0.00    1.00    0.00    0.00    1.00     2  systemd-oomd
1720977929      0      1196    1.00    0.00    0.00    0.00    1.00     7  containerd
1720977929   1001      2482    2.00    2.00    0.00    0.00    4.00     7  pulseaudio
1720977929   1001      2563    3.00    6.00    0.00    0.00    9.00     6  Xorg
1720977929   1001      2762   10.00    1.00    0.00    0.00   11.00     5  gnome-shell
1720977929   1001      4430    2.00    1.00    0.00    0.00    3.00     4  chrome
1720977929   1001      4475    1.00    1.00    0.00    0.00    2.00     1  chrome
1720977929   1001      4525    1.00    0.00    0.00    0.00    1.00     1  chrome
1720977929   1001      4533    0.00    1.00    0.00    0.00    1.00     4  chrome
1720977929   1001      4810    1.00    0.00    0.00    0.00    1.00     4  chrome
1720977929      0      5539    0.00    1.00    0.00    0.00    1.00     0  kworker/u24:33-i915
1720977929   1001      6176   12.00    2.00    0.00    0.00   14.00    11  chrome
1720977929      0      6217    0.00    1.00    0.00    0.00    1.00     5  kworker/u25:3-i915_flip
1720977929   1001      6249    2.00    0.00    0.00    0.00    2.00     2  chrome
1720977929      0      6477    0.00    1.00    0.00    0.00    1.00     6  kworker/u25:4-rb_allocator
1720977929   1001      6669    1.00    1.00    0.00    0.00    2.00     1  code
1720977929   1001      6707   12.00    4.00    0.00    0.00   16.00    10  code
1720977929   1001      6758   24.00    5.00    0.00    0.00   29.00     2  code
1720977929   1001      6792    1.00    0.00    0.00    0.00    1.00     9  code
1720977929   1001      6806    5.00    6.00    0.00    0.00   11.00     5  code
1720977929      0     30208    0.00    1.00    0.00    0.00    1.00     9  kworker/u24:0-i915
1720977929   1001     35095    1.00    2.00    0.00    0.00    3.00     3  pidstat

Average:      UID       PID    %usr %system  %guest   %wait    %CPU   CPU  Command
Average:        0       820    0.00    0.33    0.00    0.00    0.33     -  irq/183-iwlwifi:queue_1
Average:      127       871    0.00    0.33    0.00    0.00    0.33     -  systemd-oomd
Average:        0      1196    0.33    0.00    0.00    0.00    0.33     -  containerd
Average:     1001      2482    1.32    1.32    0.00    0.00    2.65     -  pulseaudio
Average:     1001      2563    3.64    4.64    0.00    0.00    8.28     -  Xorg
Average:     1001      2762    9.27    0.99    0.00    0.00   10.26     -  gnome-shell
Average:     1001      4430    2.65    0.66    0.00    0.00    3.31     -  chrome
Average:     1001      4475    0.66    1.32    0.00    0.00    1.99     -  chrome
Average:     1001      4525    0.33    0.00    0.00    0.00    0.33     -  chrome
Average:     1001      4533    0.66    0.33    0.00    0.00    0.99     -  chrome
Average:     1001      4810    0.99    0.33    0.00    0.00    1.32     -  chrome
Average:        0      5539    0.00    0.33    0.00    0.00    0.33     -  kworker/u24:33-i915
Average:        0      5559    0.00    0.33    0.00    0.00    0.33     -  kworker/2:3-events
Average:     1001      6176   12.25    1.99    0.00    0.33   14.24     -  chrome
Average:        0      6217    0.00    0.33    0.00    0.00    0.33     -  kworker/u25:3-i915_flip
Average:     1001      6249    2.32    0.99    0.00    0.00    3.31     -  chrome
Average:        0      6477    0.00    0.66    0.00    0.00    0.66     -  kworker/u25:4-rb_allocator
Average:     1001      6669    0.66    0.33    0.00    0.00    0.99     -  code
Average:     1001      6707   11.59    2.98    0.00    0.00   14.57     -  code
Average:     1001      6758   20.20    2.32    0.00    0.00   22.52     -  code
Average:     1001      6778    0.66    0.66    0.00    0.00    1.32     -  code
Average:     1001      6791    0.33    0.00    0.00    0.00    0.33     -  code
Average:     1001      6792    0.66    0.00    0.00    0.00    0.66     -  code
Average:     1001      6806    1.99    2.32    0.00    0.00    4.30     -  code
Average:        0     17410    0.33    0.33    0.00    0.00    0.66     -  pmdalinux
Average:        0     24511    0.00    0.33    0.00    0.00    0.33     -  kworker/11:2-events
Average:        0     30208    0.00    0.33    0.00    0.00    0.33     -  kworker/u24:0-i915
Average:        0     30553    0.00    0.33    0.00    0.00    0.33     -  kworker/u25:2-hci0
Average:     1001     35095    0.66    2.32    0.00    0.00    2.98     -  pidstat
